2019-07-26 14:48:17,757 ERROR 11788 [-/127.0.0.1/-/5033ms GET /news] nodejs.ConnectionTimeoutError: Connect timeout for 5000ms, GET http://undefined/topstories.json -2 (connected: false, keepalive socket: false, agent status: {"createSocketCount":1,"createSocketErrorCount":0,"closeSocketCount":1,"errorSocketCount":0,"timeoutSocketCount":0,"requestCount":0,"freeSockets":{},"sockets":{},"requests":{}}, socketHandledRequests: 1, socketHandledResponses: 0)
headers: {}
headers: {}
    at Timeout._onTimeout (C:\Users\Administrator\Desktop\egg\egg-blaoer\node_modules\urllib\lib\urllib.js:923:15)
    at ontimeout (timers.js:498:11)
    at tryOnTimeout (timers.js:323:5)
    at Timer.listOnTimeout (timers.js:290:5)
name: "ConnectionTimeoutError"
requestId: 1
data: undefined
path: "/topstories.json?orderBy=%22%24key%22&startAt=%220%22&endAt=4"
status: -2
headers: {}
res: {"status":-2,"statusCode":-2,"statusMessage":null,"headers":{},"size":0,"aborted":false,"rt":5013,"keepAliveSocket":false,"requestUrls":["http://undefined/topstories.json"],"timing":null,"remoteAddress":"","remotePort":"","socketHandledRequests":1,"socketHandledResponses":0}
pid: 11788
hostname: PC-201803121836

2019-07-26 14:49:21,381 ERROR 7120 [-/127.0.0.1/-/2322ms GET /news] nodejs.RequestError: getaddrinfo ENOTFOUND undefined undefined:80, GET http://undefined/topstories.json -1 (connected: false, keepalive socket: false, agent status: {"createSocketCount":1,"createSocketErrorCount":0,"closeSocketCount":0,"errorSocketCount":1,"timeoutSocketCount":0,"requestCount":0,"freeSockets":{},"sockets":{"undefined:80:":1},"requests":{}}, socketHandledRequests: 1, socketHandledResponses: 0)
headers: {} (undefined)
    at GetAddrInfoReqWrap.onlookup [as oncomplete] (dns.js:67:26)
errno: "ENOTFOUND"
code: "ENOTFOUND"
syscall: "getaddrinfo"
hostname: "undefined"
host: "undefined"
port: 80
name: "RequestError"
data: undefined
path: "/topstories.json?orderBy=%22%24key%22&startAt=%220%22&endAt=4"
status: -1
headers: {}
res: {"status":-1,"statusCode":-1,"statusMessage":null,"headers":{},"size":0,"aborted":false,"rt":2310,"keepAliveSocket":false,"requestUrls":["http://undefined/topstories.json"],"timing":null,"remoteAddress":"","remotePort":"","socketHandledRequests":1,"socketHandledResponses":0}
pid: 7120
hostname: PC-201803121836

2019-07-26 14:51:33,883 ERROR 8576 [-/127.0.0.1/-/2348ms GET /news] nodejs.RequestError: getaddrinfo ENOTFOUND undefined undefined:80, GET http://undefined/topstories.json -1 (connected: false, keepalive socket: false, agent status: {"createSocketCount":1,"createSocketErrorCount":0,"closeSocketCount":0,"errorSocketCount":1,"timeoutSocketCount":0,"requestCount":0,"freeSockets":{},"sockets":{"undefined:80:":1},"requests":{}}, socketHandledRequests: 1, socketHandledResponses: 0)
headers: {} (undefined)
    at GetAddrInfoReqWrap.onlookup [as oncomplete] (dns.js:67:26)
errno: "ENOTFOUND"
code: "ENOTFOUND"
syscall: "getaddrinfo"
hostname: "undefined"
host: "undefined"
port: 80
name: "RequestError"
data: undefined
path: "/topstories.json?orderBy=%22%24key%22&startAt=%220%22&endAt=4"
status: -1
headers: {}
res: {"status":-1,"statusCode":-1,"statusMessage":null,"headers":{},"size":0,"aborted":false,"rt":2333,"keepAliveSocket":false,"requestUrls":["http://undefined/topstories.json"],"timing":null,"remoteAddress":"","remotePort":"","socketHandledRequests":1,"socketHandledResponses":0}
pid: 8576
hostname: PC-201803121836

2019-07-26 14:55:25,720 ERROR 8440 [-/127.0.0.1/-/5018ms GET /news] nodejs.ConnectionTimeoutError: Connect timeout for 5000ms, GET http://undefined/topstories.json -2 (connected: false, keepalive socket: false, agent status: {"createSocketCount":1,"createSocketErrorCount":0,"closeSocketCount":1,"errorSocketCount":0,"timeoutSocketCount":0,"requestCount":0,"freeSockets":{},"sockets":{},"requests":{}}, socketHandledRequests: 1, socketHandledResponses: 0)
headers: {}
headers: {}
    at Timeout._onTimeout (C:\Users\Administrator\Desktop\egg\egg-blaoer\node_modules\urllib\lib\urllib.js:923:15)
    at ontimeout (timers.js:498:11)
    at tryOnTimeout (timers.js:323:5)
    at Timer.listOnTimeout (timers.js:290:5)
name: "ConnectionTimeoutError"
requestId: 1
data: undefined
path: "/topstories.json?orderBy=%22%24key%22&startAt=%220%22&endAt=4"
status: -2
headers: {}
res: {"status":-2,"statusCode":-2,"statusMessage":null,"headers":{},"size":0,"aborted":false,"rt":5008,"keepAliveSocket":false,"requestUrls":["http://undefined/topstories.json"],"timing":null,"remoteAddress":"","remotePort":"","socketHandledRequests":1,"socketHandledResponses":0}
pid: 8440
hostname: PC-201803121836

2019-07-26 15:02:15,647 ERROR 9408 [-/127.0.0.1/-/5045ms GET /news] nodejs.ConnectionTimeoutError: Connect timeout for 5000ms, GET https://hacker-news.firebaseio.com/v0/topstories.json -2 (connected: false, keepalive socket: false, agent status: {"createSocketCount":1,"createSocketErrorCount":0,"closeSocketCount":1,"errorSocketCount":0,"timeoutSocketCount":0,"requestCount":0,"freeSockets":{},"sockets":{},"requests":{}}, socketHandledRequests: 1, socketHandledResponses: 0)
headers: {}
headers: {}
    at Timeout._onTimeout (C:\Users\Administrator\Desktop\egg\egg-blaoer\node_modules\urllib\lib\urllib.js:923:15)
    at ontimeout (timers.js:498:11)
    at tryOnTimeout (timers.js:323:5)
    at Timer.listOnTimeout (timers.js:290:5)
name: "ConnectionTimeoutError"
requestId: 1
data: undefined
path: "/v0/topstories.json?orderBy=%22%24key%22&startAt=%220%22&endAt=4"
status: -2
headers: {}
res: {"status":-2,"statusCode":-2,"statusMessage":null,"headers":{},"size":0,"aborted":false,"rt":5024,"keepAliveSocket":false,"requestUrls":["https://hacker-news.firebaseio.com/v0/topstories.json"],"timing":null,"remoteAddress":"35.201.97.85","remotePort":"","socketHandledRequests":1,"socketHandledResponses":0}
pid: 9408
hostname: PC-201803121836

2019-07-26 15:34:44,089 ERROR 10244 [-/127.0.0.1/-/8ms GET /news] nodejs.ReferenceError: key is not defined
    at NewsService.list (C:\Users\Administrator\Desktop\egg\egg-blaoer\app\service\news.js:13:30)
    at NewsController.list (C:\Users\Administrator\Desktop\egg\egg-blaoer\app\controller\news.js:13:49)
    at Object.callFn (C:\Users\Administrator\Desktop\egg\egg-blaoer\node_modules\egg-core\lib\utils\index.js:44:21)
    at Object.classControllerMiddleware (C:\Users\Administrator\Desktop\egg\egg-blaoer\node_modules\egg-core\lib\loader\mixin\controller.js:87:20)
    at Object.callFn (C:\Users\Administrator\Desktop\egg\egg-blaoer\node_modules\@eggjs\router\lib\utils.js:12:21)
    at wrappedController (C:\Users\Administrator\Desktop\egg\egg-blaoer\node_modules\@eggjs\router\lib\egg_router.js:322:18)
    at dispatch (C:\Users\Administrator\Desktop\egg\egg-blaoer\node_modules\@eggjs\router\node_modules\koa-compose\index.js:44:32)
    at next (C:\Users\Administrator\Desktop\egg\egg-blaoer\node_modules\@eggjs\router\node_modules\koa-compose\index.js:45:18)
    at C:\Users\Administrator\Desktop\egg\egg-blaoer\node_modules\@eggjs\router\lib\router.js:190:18
    at dispatch (C:\Users\Administrator\Desktop\egg\egg-blaoer\node_modules\@eggjs\router\node_modules\koa-compose\index.js:44:32)

pid: 10244
hostname: PC-201803121836

2019-07-26 16:12:51,992 ERROR 9280 [-/127.0.0.1/-/5057ms GET /news] nodejs.ConnectionTimeoutError: Connect timeout for 5000ms, GET https://hacker-news.firebaseio.com/v0/topstories.json -2 (connected: false, keepalive socket: false, agent status: {"createSocketCount":1,"createSocketErrorCount":0,"closeSocketCount":1,"errorSocketCount":0,"timeoutSocketCount":0,"requestCount":0,"freeSockets":{},"sockets":{},"requests":{}}, socketHandledRequests: 1, socketHandledResponses: 0)
headers: {}
headers: {}
    at Timeout._onTimeout (C:\Users\Administrator\Desktop\egg\egg-blaoer\node_modules\urllib\lib\urllib.js:923:15)
    at ontimeout (timers.js:498:11)
    at tryOnTimeout (timers.js:323:5)
    at Timer.listOnTimeout (timers.js:290:5)
name: "ConnectionTimeoutError"
requestId: 1
data: undefined
path: "/v0/topstories.json?orderBy=%22%24key%22&startAt=%220%22&endAt=4"
status: -2
headers: {}
res: {"status":-2,"statusCode":-2,"statusMessage":null,"headers":{},"size":0,"aborted":false,"rt":5035,"keepAliveSocket":false,"requestUrls":["https://hacker-news.firebaseio.com/v0/topstories.json"],"timing":null,"remoteAddress":"","remotePort":"","socketHandledRequests":1,"socketHandledResponses":0}
pid: 9280
hostname: PC-201803121836

2019-07-26 16:14:39,938 ERROR 9280 [-/127.0.0.1/-/5004ms GET /news] nodejs.ConnectionTimeoutError: Connect timeout for 5000ms, GET https://hacker-news.firebaseio.com/v0/topstories.json -2 (connected: false, keepalive socket: false, agent status: {"createSocketCount":2,"createSocketErrorCount":0,"closeSocketCount":2,"errorSocketCount":0,"timeoutSocketCount":0,"requestCount":0,"freeSockets":{},"sockets":{},"requests":{}}, socketHandledRequests: 1, socketHandledResponses: 0)
headers: {}
headers: {}
    at Timeout._onTimeout (C:\Users\Administrator\Desktop\egg\egg-blaoer\node_modules\urllib\lib\urllib.js:923:15)
    at ontimeout (timers.js:498:11)
    at tryOnTimeout (timers.js:323:5)
    at Timer.listOnTimeout (timers.js:290:5)
name: "ConnectionTimeoutError"
requestId: 2
data: undefined
path: "/v0/topstories.json?orderBy=%22%24key%22&startAt=%220%22&endAt=4"
status: -2
headers: {}
res: {"status":-2,"statusCode":-2,"statusMessage":null,"headers":{},"size":0,"aborted":false,"rt":5002,"keepAliveSocket":false,"requestUrls":["https://hacker-news.firebaseio.com/v0/topstories.json"],"timing":null,"remoteAddress":"35.201.97.85","remotePort":"","socketHandledRequests":1,"socketHandledResponses":0}
pid: 9280
hostname: PC-201803121836

2019-07-26 16:16:18,279 ERROR 7524 [-/127.0.0.1/-/2332ms GET /news] nodejs.RequestError: getaddrinfo ENOTFOUND undefined undefined:80, GET http://undefined/topstories.json -1 (connected: false, keepalive socket: false, agent status: {"createSocketCount":1,"createSocketErrorCount":0,"closeSocketCount":0,"errorSocketCount":1,"timeoutSocketCount":0,"requestCount":0,"freeSockets":{},"sockets":{"undefined:80:":1},"requests":{}}, socketHandledRequests: 1, socketHandledResponses: 0)
headers: {} (undefined)
    at GetAddrInfoReqWrap.onlookup [as oncomplete] (dns.js:67:26)
errno: "ENOTFOUND"
code: "ENOTFOUND"
syscall: "getaddrinfo"
hostname: "undefined"
host: "undefined"
port: 80
name: "RequestError"
data: undefined
path: "/topstories.json?orderBy=%22%24key%22&startAt=%220%22&endAt=4"
status: -1
headers: {}
res: {"status":-1,"statusCode":-1,"statusMessage":null,"headers":{},"size":0,"aborted":false,"rt":2319,"keepAliveSocket":false,"requestUrls":["http://undefined/topstories.json"],"timing":null,"remoteAddress":"","remotePort":"","socketHandledRequests":1,"socketHandledResponses":0}
pid: 7524
hostname: PC-201803121836

2019-07-26 16:19:17,503 ERROR 6396 [-/127.0.0.1/-/4293ms GET /news] nodejs.RequestError: getaddrinfo ENOTFOUND undefined undefined:80, GET http://undefined/v0/topstories.jsontopstories.json?print=pretty -1 (connected: false, keepalive socket: false, agent status: {"createSocketCount":1,"createSocketErrorCount":0,"closeSocketCount":0,"errorSocketCount":1,"timeoutSocketCount":0,"requestCount":0,"freeSockets":{},"sockets":{"undefined:80:":1},"requests":{}}, socketHandledRequests: 1, socketHandledResponses: 0)
headers: {} (undefined)
    at GetAddrInfoReqWrap.onlookup [as oncomplete] (dns.js:67:26)
errno: "ENOTFOUND"
code: "ENOTFOUND"
syscall: "getaddrinfo"
hostname: "undefined"
host: "undefined"
port: 80
name: "RequestError"
data: undefined
path: "/v0/topstories.jsontopstories.json?print=pretty&orderBy=%22%24key%22&startAt=%220%22&endAt=4"
status: -1
headers: {}
res: {"status":-1,"statusCode":-1,"statusMessage":null,"headers":{},"size":0,"aborted":false,"rt":4270,"keepAliveSocket":false,"requestUrls":["http://undefined/v0/topstories.jsontopstories.json?print=pretty"],"timing":null,"remoteAddress":"","remotePort":"","socketHandledRequests":1,"socketHandledResponses":0}
pid: 6396
hostname: PC-201803121836

2019-07-26 16:19:35,624 ERROR 4356 [-/127.0.0.1/-/7ms GET /news] nodejs.TypeError: Cannot destructure property `serviceUrl` of 'undefined' or 'null'.
    at NewsService.list (C:\Users\Administrator\Desktop\egg\egg-blaoer\app\service\news.js:5:59)
    at NewsController.list (C:\Users\Administrator\Desktop\egg\egg-blaoer\app\controller\news.js:13:49)
    at Object.callFn (C:\Users\Administrator\Desktop\egg\egg-blaoer\node_modules\egg-core\lib\utils\index.js:44:21)
    at Object.classControllerMiddleware (C:\Users\Administrator\Desktop\egg\egg-blaoer\node_modules\egg-core\lib\loader\mixin\controller.js:87:20)
    at Object.callFn (C:\Users\Administrator\Desktop\egg\egg-blaoer\node_modules\@eggjs\router\lib\utils.js:12:21)
    at wrappedController (C:\Users\Administrator\Desktop\egg\egg-blaoer\node_modules\@eggjs\router\lib\egg_router.js:322:18)
    at dispatch (C:\Users\Administrator\Desktop\egg\egg-blaoer\node_modules\@eggjs\router\node_modules\koa-compose\index.js:44:32)
    at next (C:\Users\Administrator\Desktop\egg\egg-blaoer\node_modules\@eggjs\router\node_modules\koa-compose\index.js:45:18)
    at C:\Users\Administrator\Desktop\egg\egg-blaoer\node_modules\@eggjs\router\lib\router.js:190:18
    at dispatch (C:\Users\Administrator\Desktop\egg\egg-blaoer\node_modules\@eggjs\router\node_modules\koa-compose\index.js:44:32)

pid: 4356
hostname: PC-201803121836

2019-07-26 16:20:51,010 ERROR 10404 [-/127.0.0.1/-/2286ms GET /news] nodejs.RequestError: getaddrinfo ENOTFOUND undefined undefined:80, GET http://undefined/topstories.jsontopstories.json?print=pretty -1 (connected: false, keepalive socket: false, agent status: {"createSocketCount":1,"createSocketErrorCount":0,"closeSocketCount":0,"errorSocketCount":1,"timeoutSocketCount":0,"requestCount":0,"freeSockets":{},"sockets":{"undefined:80:":1},"requests":{}}, socketHandledRequests: 1, socketHandledResponses: 0)
headers: {} (undefined)
    at GetAddrInfoReqWrap.onlookup [as oncomplete] (dns.js:67:26)
errno: "ENOTFOUND"
code: "ENOTFOUND"
syscall: "getaddrinfo"
hostname: "undefined"
host: "undefined"
port: 80
name: "RequestError"
data: undefined
path: "/topstories.jsontopstories.json?print=pretty&orderBy=%22%24key%22&startAt=%220%22&endAt=4"
status: -1
headers: {}
res: {"status":-1,"statusCode":-1,"statusMessage":null,"headers":{},"size":0,"aborted":false,"rt":2266,"keepAliveSocket":false,"requestUrls":["http://undefined/topstories.jsontopstories.json?print=pretty"],"timing":null,"remoteAddress":"","remotePort":"","socketHandledRequests":1,"socketHandledResponses":0}
pid: 10404
hostname: PC-201803121836

2019-07-26 16:23:11,110 ERROR 7980 [-/127.0.0.1/-/15ms GET /news] nodejs.TypeError: Cannot read property 'news' of undefined
    at NewsService.list (C:\Users\Administrator\Desktop\egg\egg-blaoer\app\service\news.js:5:62)
    at NewsController.list (C:\Users\Administrator\Desktop\egg\egg-blaoer\app\controller\news.js:13:49)
    at Object.callFn (C:\Users\Administrator\Desktop\egg\egg-blaoer\node_modules\egg-core\lib\utils\index.js:44:21)
    at Object.classControllerMiddleware (C:\Users\Administrator\Desktop\egg\egg-blaoer\node_modules\egg-core\lib\loader\mixin\controller.js:87:20)
    at Object.callFn (C:\Users\Administrator\Desktop\egg\egg-blaoer\node_modules\@eggjs\router\lib\utils.js:12:21)
    at wrappedController (C:\Users\Administrator\Desktop\egg\egg-blaoer\node_modules\@eggjs\router\lib\egg_router.js:322:18)
    at dispatch (C:\Users\Administrator\Desktop\egg\egg-blaoer\node_modules\@eggjs\router\node_modules\koa-compose\index.js:44:32)
    at next (C:\Users\Administrator\Desktop\egg\egg-blaoer\node_modules\@eggjs\router\node_modules\koa-compose\index.js:45:18)
    at C:\Users\Administrator\Desktop\egg\egg-blaoer\node_modules\@eggjs\router\lib\router.js:190:18
    at dispatch (C:\Users\Administrator\Desktop\egg\egg-blaoer\node_modules\@eggjs\router\node_modules\koa-compose\index.js:44:32)

pid: 7980
hostname: PC-201803121836

2019-07-26 16:27:30,552 ERROR 12164 [-/127.0.0.1/-/8ms GET /news] nodejs.TypeError: Cannot read property 'news' of undefined
    at NewsService.list (C:\Users\Administrator\Desktop\egg\egg-blaoer\app\service\news.js:5:62)
    at NewsController.list (C:\Users\Administrator\Desktop\egg\egg-blaoer\app\controller\news.js:13:49)
    at Object.callFn (C:\Users\Administrator\Desktop\egg\egg-blaoer\node_modules\egg-core\lib\utils\index.js:44:21)
    at Object.classControllerMiddleware (C:\Users\Administrator\Desktop\egg\egg-blaoer\node_modules\egg-core\lib\loader\mixin\controller.js:87:20)
    at Object.callFn (C:\Users\Administrator\Desktop\egg\egg-blaoer\node_modules\@eggjs\router\lib\utils.js:12:21)
    at wrappedController (C:\Users\Administrator\Desktop\egg\egg-blaoer\node_modules\@eggjs\router\lib\egg_router.js:322:18)
    at dispatch (C:\Users\Administrator\Desktop\egg\egg-blaoer\node_modules\@eggjs\router\node_modules\koa-compose\index.js:44:32)
    at next (C:\Users\Administrator\Desktop\egg\egg-blaoer\node_modules\@eggjs\router\node_modules\koa-compose\index.js:45:18)
    at C:\Users\Administrator\Desktop\egg\egg-blaoer\node_modules\@eggjs\router\lib\router.js:190:18
    at dispatch (C:\Users\Administrator\Desktop\egg\egg-blaoer\node_modules\@eggjs\router\node_modules\koa-compose\index.js:44:32)

pid: 12164
hostname: PC-201803121836

2019-07-26 16:31:01,963 ERROR 10032 [-/127.0.0.1/-/7ms GET /news] nodejs.TypeError: Cannot read property 'news' of undefined
    at NewsService.list (C:\Users\Administrator\Desktop\egg\egg-blaoer\app\service\news.js:5:62)
    at NewsController.list (C:\Users\Administrator\Desktop\egg\egg-blaoer\app\controller\news.js:13:49)
    at Object.callFn (C:\Users\Administrator\Desktop\egg\egg-blaoer\node_modules\egg-core\lib\utils\index.js:44:21)
    at Object.classControllerMiddleware (C:\Users\Administrator\Desktop\egg\egg-blaoer\node_modules\egg-core\lib\loader\mixin\controller.js:87:20)
    at Object.callFn (C:\Users\Administrator\Desktop\egg\egg-blaoer\node_modules\@eggjs\router\lib\utils.js:12:21)
    at wrappedController (C:\Users\Administrator\Desktop\egg\egg-blaoer\node_modules\@eggjs\router\lib\egg_router.js:322:18)
    at dispatch (C:\Users\Administrator\Desktop\egg\egg-blaoer\node_modules\@eggjs\router\node_modules\koa-compose\index.js:44:32)
    at next (C:\Users\Administrator\Desktop\egg\egg-blaoer\node_modules\@eggjs\router\node_modules\koa-compose\index.js:45:18)
    at C:\Users\Administrator\Desktop\egg\egg-blaoer\node_modules\@eggjs\router\lib\router.js:190:18
    at dispatch (C:\Users\Administrator\Desktop\egg\egg-blaoer\node_modules\@eggjs\router\node_modules\koa-compose\index.js:44:32)

pid: 10032
hostname: PC-201803121836

2019-07-26 16:31:17,992 ERROR 10396 [-/127.0.0.1/-/5040ms GET /news] nodejs.ConnectionTimeoutError: Connect timeout for 5000ms, GET https://hacker-news.firebaseio.com/v0/topstories.json?print=pretty -2 (connected: false, keepalive socket: false, agent status: {"createSocketCount":1,"createSocketErrorCount":0,"closeSocketCount":1,"errorSocketCount":0,"timeoutSocketCount":0,"requestCount":0,"freeSockets":{},"sockets":{},"requests":{}}, socketHandledRequests: 1, socketHandledResponses: 0)
headers: {}
headers: {}
    at Timeout._onTimeout (C:\Users\Administrator\Desktop\egg\egg-blaoer\node_modules\urllib\lib\urllib.js:923:15)
    at ontimeout (timers.js:498:11)
    at tryOnTimeout (timers.js:323:5)
    at Timer.listOnTimeout (timers.js:290:5)
name: "ConnectionTimeoutError"
requestId: 1
data: undefined
path: "/v0/topstories.json?print=pretty&orderBy=%22%24key%22&startAt=%220%22&endAt=4"
status: -2
headers: {}
res: {"status":-2,"statusCode":-2,"statusMessage":null,"headers":{},"size":0,"aborted":false,"rt":5018,"keepAliveSocket":false,"requestUrls":["https://hacker-news.firebaseio.com/v0/topstories.json?print=pretty"],"timing":null,"remoteAddress":"35.201.97.85","remotePort":"","socketHandledRequests":1,"socketHandledResponses":0}
pid: 10396
hostname: PC-201803121836

2019-07-29 15:36:28,460 ERROR 5732 [-/127.0.0.1/-/13ms GET /news] nodejs.ER_BAD_FIELD_ERRORError: ER_BAD_FIELD_ERROR: Unknown column '0' in 'where clause'
    at Query.Sequence._packetToError (C:\Users\Administrator\Desktop\egg\egg-blaoer\node_modules\mysql\lib\protocol\sequences\Sequence.js:47:14)
    at Query.ErrorPacket (C:\Users\Administrator\Desktop\egg\egg-blaoer\node_modules\mysql\lib\protocol\sequences\Query.js:77:18)
    at Protocol._parsePacket (C:\Users\Administrator\Desktop\egg\egg-blaoer\node_modules\mysql\lib\protocol\Protocol.js:291:23)
    at Parser._parsePacket (C:\Users\Administrator\Desktop\egg\egg-blaoer\node_modules\mysql\lib\protocol\Parser.js:433:10)
    at Parser.write (C:\Users\Administrator\Desktop\egg\egg-blaoer\node_modules\mysql\lib\protocol\Parser.js:43:10)
    at Protocol.write (C:\Users\Administrator\Desktop\egg\egg-blaoer\node_modules\mysql\lib\protocol\Protocol.js:38:16)
    at Socket.<anonymous> (C:\Users\Administrator\Desktop\egg\egg-blaoer\node_modules\mysql\lib\Connection.js:91:28)
    at Socket.<anonymous> (C:\Users\Administrator\Desktop\egg\egg-blaoer\node_modules\mysql\lib\Connection.js:525:10)
    at emitOne (events.js:116:13)
    at Socket.emit (events.js:211:7)
    --------------------
    at Pool.query (C:\Users\Administrator\Desktop\egg\egg-blaoer\node_modules\mysql\lib\Pool.js:199:23)
    at C:\Users\Administrator\Desktop\egg\egg-blaoer\node_modules\ali-rds\node_modules\pify\index.js:29:7
    at new Promise (<anonymous>)
    at Pool.<anonymous> (C:\Users\Administrator\Desktop\egg\egg-blaoer\node_modules\ali-rds\node_modules\pify\index.js:12:10)
    at Pool.ret [as query] (C:\Users\Administrator\Desktop\egg\egg-blaoer\node_modules\ali-rds\node_modules\pify\index.js:56:34)
    at RDSClient.proto._query (C:\Users\Administrator\Desktop\egg\egg-blaoer\node_modules\ali-rds\lib\client.js:34:20)
    at RDSClient.proto.query (C:\Users\Administrator\Desktop\egg\egg-blaoer\node_modules\ali-rds\lib\operator.js:54:29)
    at proto.query.next (<anonymous>)
    at onFulfilled (C:\Users\Administrator\Desktop\egg\egg-blaoer\node_modules\co\index.js:65:19)
    at C:\Users\Administrator\Desktop\egg\egg-blaoer\node_modules\co\index.js:54:5
    sql: SELECT * FROM `news` WHERE `0` = 'i' AND `1` = 'd' LIMIT 0, 1
code: "ER_BAD_FIELD_ERROR"
errno: 1054
sqlMessage: "Unknown column '0' in 'where clause'"
sqlState: "42S22"
index: 0
sql: "SELECT * FROM `news` WHERE `0` = 'i' AND `1` = 'd' LIMIT 0, 1"
name: "ER_BAD_FIELD_ERRORError"
pid: 5732
hostname: PC-201803121836

2019-07-29 15:37:03,973 ERROR 11152 [-/127.0.0.1/-/9ms GET /news] nodejs.ER_BAD_FIELD_ERRORError: ER_BAD_FIELD_ERROR: Unknown column '0' in 'where clause'
    at Query.Sequence._packetToError (C:\Users\Administrator\Desktop\egg\egg-blaoer\node_modules\mysql\lib\protocol\sequences\Sequence.js:47:14)
    at Query.ErrorPacket (C:\Users\Administrator\Desktop\egg\egg-blaoer\node_modules\mysql\lib\protocol\sequences\Query.js:77:18)
    at Protocol._parsePacket (C:\Users\Administrator\Desktop\egg\egg-blaoer\node_modules\mysql\lib\protocol\Protocol.js:291:23)
    at Parser._parsePacket (C:\Users\Administrator\Desktop\egg\egg-blaoer\node_modules\mysql\lib\protocol\Parser.js:433:10)
    at Parser.write (C:\Users\Administrator\Desktop\egg\egg-blaoer\node_modules\mysql\lib\protocol\Parser.js:43:10)
    at Protocol.write (C:\Users\Administrator\Desktop\egg\egg-blaoer\node_modules\mysql\lib\protocol\Protocol.js:38:16)
    at Socket.<anonymous> (C:\Users\Administrator\Desktop\egg\egg-blaoer\node_modules\mysql\lib\Connection.js:91:28)
    at Socket.<anonymous> (C:\Users\Administrator\Desktop\egg\egg-blaoer\node_modules\mysql\lib\Connection.js:525:10)
    at emitOne (events.js:116:13)
    at Socket.emit (events.js:211:7)
    --------------------
    at Pool.query (C:\Users\Administrator\Desktop\egg\egg-blaoer\node_modules\mysql\lib\Pool.js:199:23)
    at C:\Users\Administrator\Desktop\egg\egg-blaoer\node_modules\ali-rds\node_modules\pify\index.js:29:7
    at new Promise (<anonymous>)
    at Pool.<anonymous> (C:\Users\Administrator\Desktop\egg\egg-blaoer\node_modules\ali-rds\node_modules\pify\index.js:12:10)
    at Pool.ret [as query] (C:\Users\Administrator\Desktop\egg\egg-blaoer\node_modules\ali-rds\node_modules\pify\index.js:56:34)
    at RDSClient.proto._query (C:\Users\Administrator\Desktop\egg\egg-blaoer\node_modules\ali-rds\lib\client.js:34:20)
    at RDSClient.proto.query (C:\Users\Administrator\Desktop\egg\egg-blaoer\node_modules\ali-rds\lib\operator.js:54:29)
    at proto.query.next (<anonymous>)
    at onFulfilled (C:\Users\Administrator\Desktop\egg\egg-blaoer\node_modules\co\index.js:65:19)
    at C:\Users\Administrator\Desktop\egg\egg-blaoer\node_modules\co\index.js:54:5
    sql: SELECT * FROM `news` WHERE `0` = 'i' AND `1` = 'd' LIMIT 0, 1
code: "ER_BAD_FIELD_ERROR"
errno: 1054
sqlMessage: "Unknown column '0' in 'where clause'"
sqlState: "42S22"
index: 0
sql: "SELECT * FROM `news` WHERE `0` = 'i' AND `1` = 'd' LIMIT 0, 1"
name: "ER_BAD_FIELD_ERRORError"
pid: 11152
hostname: PC-201803121836

2019-07-29 15:40:41,611 ERROR 7004 [-/127.0.0.1/-/9ms GET /news] nodejs.ReferenceError: list is not defined
    at NewsController.list (C:\Users\Administrator\Desktop\egg\egg-blaoer\app\controller\news.js:13:44)
    at <anonymous>
    at process._tickCallback (internal/process/next_tick.js:189:7)

pid: 7004
hostname: PC-201803121836

2019-07-29 15:42:25,424 ERROR 12084 [-/127.0.0.1/-/7ms GET /news] nodejs.ReferenceError: list is not defined
    at NewsController.list (C:\Users\Administrator\Desktop\egg\egg-blaoer\app\controller\news.js:14:44)
    at Object.callFn (C:\Users\Administrator\Desktop\egg\egg-blaoer\node_modules\egg-core\lib\utils\index.js:44:21)
    at Object.classControllerMiddleware (C:\Users\Administrator\Desktop\egg\egg-blaoer\node_modules\egg-core\lib\loader\mixin\controller.js:87:20)
    at Object.callFn (C:\Users\Administrator\Desktop\egg\egg-blaoer\node_modules\@eggjs\router\lib\utils.js:12:21)
    at wrappedController (C:\Users\Administrator\Desktop\egg\egg-blaoer\node_modules\@eggjs\router\lib\egg_router.js:322:18)
    at dispatch (C:\Users\Administrator\Desktop\egg\egg-blaoer\node_modules\@eggjs\router\node_modules\koa-compose\index.js:44:32)
    at next (C:\Users\Administrator\Desktop\egg\egg-blaoer\node_modules\@eggjs\router\node_modules\koa-compose\index.js:45:18)
    at C:\Users\Administrator\Desktop\egg\egg-blaoer\node_modules\@eggjs\router\lib\router.js:190:18
    at dispatch (C:\Users\Administrator\Desktop\egg\egg-blaoer\node_modules\@eggjs\router\node_modules\koa-compose\index.js:44:32)
    at C:\Users\Administrator\Desktop\egg\egg-blaoer\node_modules\@eggjs\router\node_modules\koa-compose\index.js:36:12

pid: 12084
hostname: PC-201803121836

2019-07-29 15:43:19,496 ERROR 11464 [-/127.0.0.1/-/14ms GET /news] nodejs.ReferenceError: list is not defined
    at NewsController.list (C:\Users\Administrator\Desktop\egg\egg-blaoer\app\controller\news.js:14:44)
    at Object.callFn (C:\Users\Administrator\Desktop\egg\egg-blaoer\node_modules\egg-core\lib\utils\index.js:44:21)
    at Object.classControllerMiddleware (C:\Users\Administrator\Desktop\egg\egg-blaoer\node_modules\egg-core\lib\loader\mixin\controller.js:87:20)
    at Object.callFn (C:\Users\Administrator\Desktop\egg\egg-blaoer\node_modules\@eggjs\router\lib\utils.js:12:21)
    at wrappedController (C:\Users\Administrator\Desktop\egg\egg-blaoer\node_modules\@eggjs\router\lib\egg_router.js:322:18)
    at dispatch (C:\Users\Administrator\Desktop\egg\egg-blaoer\node_modules\@eggjs\router\node_modules\koa-compose\index.js:44:32)
    at next (C:\Users\Administrator\Desktop\egg\egg-blaoer\node_modules\@eggjs\router\node_modules\koa-compose\index.js:45:18)
    at C:\Users\Administrator\Desktop\egg\egg-blaoer\node_modules\@eggjs\router\lib\router.js:190:18
    at dispatch (C:\Users\Administrator\Desktop\egg\egg-blaoer\node_modules\@eggjs\router\node_modules\koa-compose\index.js:44:32)
    at C:\Users\Administrator\Desktop\egg\egg-blaoer\node_modules\@eggjs\router\node_modules\koa-compose\index.js:36:12

pid: 11464
hostname: PC-201803121836

2019-07-29 15:50:32,970 ERROR 10684 [-/127.0.0.1/-/21ms GET /news] nodejs.Template render error: (C:\Users\Administrator\Desktop\egg\egg-blaoer\app\view\news\list.tpl) [Line 8, Column 16]
  parseFor: expected "in" keyword for loop
  parseFor: expected "in" keyword for loop
    at Object._prettifyError (C:\Users\Administrator\Desktop\egg\egg-blaoer\node_modules\nunjucks\src\lib.js:36:11)
    at Template.render (C:\Users\Administrator\Desktop\egg\egg-blaoer\node_modules\nunjucks\src\environment.js:542:21)
    at C:\Users\Administrator\Desktop\egg\egg-blaoer\node_modules\nunjucks\src\environment.js:366:27
    at createTemplate (C:\Users\Administrator\Desktop\egg\egg-blaoer\node_modules\nunjucks\src\environment.js:315:9)
    at handle (C:\Users\Administrator\Desktop\egg\egg-blaoer\node_modules\nunjucks\src\environment.js:327:11)
    at C:\Users\Administrator\Desktop\egg\egg-blaoer\node_modules\nunjucks\src\environment.js:339:9
    at next (C:\Users\Administrator\Desktop\egg\egg-blaoer\node_modules\nunjucks\src\lib.js:280:7)
    at Object.asyncIter (C:\Users\Administrator\Desktop\egg\egg-blaoer\node_modules\nunjucks\src\lib.js:286:3)
    at NunjucksEnvironment.getTemplate (C:\Users\Administrator\Desktop\egg\egg-blaoer\node_modules\nunjucks\src\environment.js:321:9)
    at NunjucksEnvironment.render (C:\Users\Administrator\Desktop\egg\egg-blaoer\node_modules\nunjucks\src\environment.js:360:10)
name: "Template render error"
pid: 10684
hostname: PC-201803121836

2019-07-30 09:11:44,432 ERROR 8424 [-/127.0.0.1/-/0ms GET /newsss] nodejs.Error: Please set config.keys first
    at Application.get keys [as keys] (C:\Users\Administrator\Desktop\egg\egg-blaoer\node_modules\egg\lib\application.js:266:15)
    at Object.get cookies [as cookies] (C:\Users\Administrator\Desktop\egg\egg-blaoer\node_modules\egg\app\extend\context.js:22:66)
    at Object.get [egg-security#CSRF_SECRET] (C:\Users\Administrator\Desktop\egg\egg-blaoer\node_modules\egg-security\app\extend\context.js:86:33)
    at Object.ensureCsrfSecret (C:\Users\Administrator\Desktop\egg\egg-blaoer\node_modules\egg-security\app\extend\context.js:97:13)
    at csrf (C:\Users\Administrator\Desktop\egg\egg-blaoer\node_modules\egg-security\lib\middlewares\csrf.js:14:9)
    at dispatch (C:\Users\Administrator\Desktop\egg\egg-blaoer\node_modules\koa-compose\index.js:42:32)
    at C:\Users\Administrator\Desktop\egg\egg-blaoer\node_modules\koa-compose\index.js:34:12
    at dispatch (C:\Users\Administrator\Desktop\egg\egg-blaoer\node_modules\koa-compose\index.js:42:32)
    at session (C:\Users\Administrator\Desktop\egg\egg-blaoer\node_modules\koa-session\index.js:41:13)
    at dispatch (C:\Users\Administrator\Desktop\egg\egg-blaoer\node_modules\koa-compose\index.js:42:32)

pid: 8424
hostname: PC-201803121836

2019-07-30 09:11:50,991 ERROR 8424 [-/127.0.0.1/-/16ms GET /news] nodejs.Error: Please set config.keys first
    at Application.get keys [as keys] (C:\Users\Administrator\Desktop\egg\egg-blaoer\node_modules\egg\lib\application.js:266:15)
    at Object.get cookies [as cookies] (C:\Users\Administrator\Desktop\egg\egg-blaoer\node_modules\egg\app\extend\context.js:22:66)
    at Object.get [egg-security#CSRF_SECRET] (C:\Users\Administrator\Desktop\egg\egg-blaoer\node_modules\egg-security\app\extend\context.js:86:33)
    at Object.ensureCsrfSecret (C:\Users\Administrator\Desktop\egg\egg-blaoer\node_modules\egg-security\app\extend\context.js:97:13)
    at csrf (C:\Users\Administrator\Desktop\egg\egg-blaoer\node_modules\egg-security\lib\middlewares\csrf.js:14:9)
    at dispatch (C:\Users\Administrator\Desktop\egg\egg-blaoer\node_modules\koa-compose\index.js:42:32)
    at C:\Users\Administrator\Desktop\egg\egg-blaoer\node_modules\koa-compose\index.js:34:12
    at dispatch (C:\Users\Administrator\Desktop\egg\egg-blaoer\node_modules\koa-compose\index.js:42:32)
    at session (C:\Users\Administrator\Desktop\egg\egg-blaoer\node_modules\koa-session\index.js:41:13)
    at dispatch (C:\Users\Administrator\Desktop\egg\egg-blaoer\node_modules\koa-compose\index.js:42:32)

pid: 8424
hostname: PC-201803121836

2019-07-30 09:11:54,891 ERROR 8424 [-/127.0.0.1/-/0ms GET /news] nodejs.Error: Please set config.keys first
    at Application.get keys [as keys] (C:\Users\Administrator\Desktop\egg\egg-blaoer\node_modules\egg\lib\application.js:266:15)
    at Object.get cookies [as cookies] (C:\Users\Administrator\Desktop\egg\egg-blaoer\node_modules\egg\app\extend\context.js:22:66)
    at Object.get [egg-security#CSRF_SECRET] (C:\Users\Administrator\Desktop\egg\egg-blaoer\node_modules\egg-security\app\extend\context.js:86:33)
    at Object.ensureCsrfSecret (C:\Users\Administrator\Desktop\egg\egg-blaoer\node_modules\egg-security\app\extend\context.js:97:13)
    at csrf (C:\Users\Administrator\Desktop\egg\egg-blaoer\node_modules\egg-security\lib\middlewares\csrf.js:14:9)
    at dispatch (C:\Users\Administrator\Desktop\egg\egg-blaoer\node_modules\koa-compose\index.js:42:32)
    at C:\Users\Administrator\Desktop\egg\egg-blaoer\node_modules\koa-compose\index.js:34:12
    at dispatch (C:\Users\Administrator\Desktop\egg\egg-blaoer\node_modules\koa-compose\index.js:42:32)
    at session (C:\Users\Administrator\Desktop\egg\egg-blaoer\node_modules\koa-session\index.js:41:13)
    at dispatch (C:\Users\Administrator\Desktop\egg\egg-blaoer\node_modules\koa-compose\index.js:42:32)

pid: 8424
hostname: PC-201803121836

2019-07-30 09:14:23,303 ERROR 8704 [-/127.0.0.1/-/0ms GET /news] nodejs.Error: Please set config.keys first
    at Application.get keys [as keys] (C:\Users\Administrator\Desktop\egg\egg-blaoer\node_modules\egg\lib\application.js:266:15)
    at Object.get cookies [as cookies] (C:\Users\Administrator\Desktop\egg\egg-blaoer\node_modules\egg\app\extend\context.js:22:66)
    at Object.get [egg-security#CSRF_SECRET] (C:\Users\Administrator\Desktop\egg\egg-blaoer\node_modules\egg-security\app\extend\context.js:86:33)
    at Object.ensureCsrfSecret (C:\Users\Administrator\Desktop\egg\egg-blaoer\node_modules\egg-security\app\extend\context.js:97:13)
    at csrf (C:\Users\Administrator\Desktop\egg\egg-blaoer\node_modules\egg-security\lib\middlewares\csrf.js:14:9)
    at dispatch (C:\Users\Administrator\Desktop\egg\egg-blaoer\node_modules\koa-compose\index.js:42:32)
    at C:\Users\Administrator\Desktop\egg\egg-blaoer\node_modules\koa-compose\index.js:34:12
    at dispatch (C:\Users\Administrator\Desktop\egg\egg-blaoer\node_modules\koa-compose\index.js:42:32)
    at session (C:\Users\Administrator\Desktop\egg\egg-blaoer\node_modules\koa-session\index.js:41:13)
    at dispatch (C:\Users\Administrator\Desktop\egg\egg-blaoer\node_modules\koa-compose\index.js:42:32)

pid: 8704
hostname: PC-201803121836

2019-07-30 09:14:51,369 ERROR 5080 [-/127.0.0.1/-/0ms GET /news] nodejs.Error: Please set config.keys first
    at Application.get keys [as keys] (C:\Users\Administrator\Desktop\egg\egg-blaoer\node_modules\egg\lib\application.js:266:15)
    at Object.get cookies [as cookies] (C:\Users\Administrator\Desktop\egg\egg-blaoer\node_modules\egg\app\extend\context.js:22:66)
    at Object.get [egg-security#CSRF_SECRET] (C:\Users\Administrator\Desktop\egg\egg-blaoer\node_modules\egg-security\app\extend\context.js:86:33)
    at Object.ensureCsrfSecret (C:\Users\Administrator\Desktop\egg\egg-blaoer\node_modules\egg-security\app\extend\context.js:97:13)
    at csrf (C:\Users\Administrator\Desktop\egg\egg-blaoer\node_modules\egg-security\lib\middlewares\csrf.js:14:9)
    at dispatch (C:\Users\Administrator\Desktop\egg\egg-blaoer\node_modules\koa-compose\index.js:42:32)
    at C:\Users\Administrator\Desktop\egg\egg-blaoer\node_modules\koa-compose\index.js:34:12
    at dispatch (C:\Users\Administrator\Desktop\egg\egg-blaoer\node_modules\koa-compose\index.js:42:32)
    at session (C:\Users\Administrator\Desktop\egg\egg-blaoer\node_modules\koa-session\index.js:41:13)
    at dispatch (C:\Users\Administrator\Desktop\egg\egg-blaoer\node_modules\koa-compose\index.js:42:32)

pid: 5080
hostname: PC-201803121836

2019-07-30 09:16:20,747 ERROR 6272 [-/127.0.0.1/-/0ms GET /news] nodejs.Error: Please set config.keys first
    at Application.get keys [as keys] (C:\Users\Administrator\Desktop\egg\egg-blaoer\node_modules\egg\lib\application.js:266:15)
    at Object.get cookies [as cookies] (C:\Users\Administrator\Desktop\egg\egg-blaoer\node_modules\egg\app\extend\context.js:22:66)
    at Object.get [egg-security#CSRF_SECRET] (C:\Users\Administrator\Desktop\egg\egg-blaoer\node_modules\egg-security\app\extend\context.js:86:33)
    at Object.ensureCsrfSecret (C:\Users\Administrator\Desktop\egg\egg-blaoer\node_modules\egg-security\app\extend\context.js:97:13)
    at csrf (C:\Users\Administrator\Desktop\egg\egg-blaoer\node_modules\egg-security\lib\middlewares\csrf.js:14:9)
    at dispatch (C:\Users\Administrator\Desktop\egg\egg-blaoer\node_modules\koa-compose\index.js:42:32)
    at C:\Users\Administrator\Desktop\egg\egg-blaoer\node_modules\koa-compose\index.js:34:12
    at dispatch (C:\Users\Administrator\Desktop\egg\egg-blaoer\node_modules\koa-compose\index.js:42:32)
    at session (C:\Users\Administrator\Desktop\egg\egg-blaoer\node_modules\koa-session\index.js:41:13)
    at dispatch (C:\Users\Administrator\Desktop\egg\egg-blaoer\node_modules\koa-compose\index.js:42:32)

pid: 6272
hostname: PC-201803121836

2019-07-30 09:27:57,927 ERROR 8304 [-/127.0.0.1/-/16ms GET /news] nodejs.Error: Please set config.keys first
    at Application.get keys [as keys] (C:\Users\Administrator\Desktop\egg\egg-blaoer\node_modules\egg\lib\application.js:266:15)
    at Object.get cookies [as cookies] (C:\Users\Administrator\Desktop\egg\egg-blaoer\node_modules\egg\app\extend\context.js:22:66)
    at Object.get [egg-security#CSRF_SECRET] (C:\Users\Administrator\Desktop\egg\egg-blaoer\node_modules\egg-security\app\extend\context.js:86:33)
    at Object.ensureCsrfSecret (C:\Users\Administrator\Desktop\egg\egg-blaoer\node_modules\egg-security\app\extend\context.js:97:13)
    at csrf (C:\Users\Administrator\Desktop\egg\egg-blaoer\node_modules\egg-security\lib\middlewares\csrf.js:14:9)
    at dispatch (C:\Users\Administrator\Desktop\egg\egg-blaoer\node_modules\koa-compose\index.js:42:32)
    at C:\Users\Administrator\Desktop\egg\egg-blaoer\node_modules\koa-compose\index.js:34:12
    at dispatch (C:\Users\Administrator\Desktop\egg\egg-blaoer\node_modules\koa-compose\index.js:42:32)
    at session (C:\Users\Administrator\Desktop\egg\egg-blaoer\node_modules\koa-session\index.js:41:13)
    at dispatch (C:\Users\Administrator\Desktop\egg\egg-blaoer\node_modules\koa-compose\index.js:42:32)

pid: 8304
hostname: PC-201803121836

2019-07-30 09:28:25,711 ERROR 476 [-/127.0.0.1/-/5ms GET /news] nodejs.Error: Please set config.keys first
    at Application.get keys [as keys] (C:\Users\Administrator\Desktop\egg\egg-blaoer\node_modules\egg\lib\application.js:266:15)
    at Object.get cookies [as cookies] (C:\Users\Administrator\Desktop\egg\egg-blaoer\node_modules\egg\app\extend\context.js:22:66)
    at Object.get [egg-security#CSRF_SECRET] (C:\Users\Administrator\Desktop\egg\egg-blaoer\node_modules\egg-security\app\extend\context.js:86:33)
    at Object.ensureCsrfSecret (C:\Users\Administrator\Desktop\egg\egg-blaoer\node_modules\egg-security\app\extend\context.js:97:13)
    at csrf (C:\Users\Administrator\Desktop\egg\egg-blaoer\node_modules\egg-security\lib\middlewares\csrf.js:14:9)
    at dispatch (C:\Users\Administrator\Desktop\egg\egg-blaoer\node_modules\koa-compose\index.js:42:32)
    at C:\Users\Administrator\Desktop\egg\egg-blaoer\node_modules\koa-compose\index.js:34:12
    at dispatch (C:\Users\Administrator\Desktop\egg\egg-blaoer\node_modules\koa-compose\index.js:42:32)
    at session (C:\Users\Administrator\Desktop\egg\egg-blaoer\node_modules\koa-session\index.js:41:13)
    at dispatch (C:\Users\Administrator\Desktop\egg\egg-blaoer\node_modules\koa-compose\index.js:42:32)

pid: 476
hostname: PC-201803121836

2019-07-30 09:28:52,391 ERROR 3804 [-/127.0.0.1/-/15ms GET /news] nodejs.Error: Please set config.keys first
    at Application.get keys [as keys] (C:\Users\Administrator\Desktop\egg\egg-blaoer\node_modules\egg\lib\application.js:266:15)
    at Object.get cookies [as cookies] (C:\Users\Administrator\Desktop\egg\egg-blaoer\node_modules\egg\app\extend\context.js:22:66)
    at Object.get [egg-security#CSRF_SECRET] (C:\Users\Administrator\Desktop\egg\egg-blaoer\node_modules\egg-security\app\extend\context.js:86:33)
    at Object.ensureCsrfSecret (C:\Users\Administrator\Desktop\egg\egg-blaoer\node_modules\egg-security\app\extend\context.js:97:13)
    at csrf (C:\Users\Administrator\Desktop\egg\egg-blaoer\node_modules\egg-security\lib\middlewares\csrf.js:14:9)
    at dispatch (C:\Users\Administrator\Desktop\egg\egg-blaoer\node_modules\koa-compose\index.js:42:32)
    at C:\Users\Administrator\Desktop\egg\egg-blaoer\node_modules\koa-compose\index.js:34:12
    at dispatch (C:\Users\Administrator\Desktop\egg\egg-blaoer\node_modules\koa-compose\index.js:42:32)
    at session (C:\Users\Administrator\Desktop\egg\egg-blaoer\node_modules\koa-session\index.js:41:13)
    at dispatch (C:\Users\Administrator\Desktop\egg\egg-blaoer\node_modules\koa-compose\index.js:42:32)

pid: 3804
hostname: PC-201803121836

2019-07-30 09:33:52,383 ERROR 6512 [-/127.0.0.1/-/0ms GET /news] nodejs.Template render error: (C:\Users\Administrator\Desktop\egg\egg-blaoer\app\view\news\list.tpl) [Line 8, Column 16]
  parseFor: expected "in" keyword for loop
  parseFor: expected "in" keyword for loop
    at Object._prettifyError (C:\Users\Administrator\Desktop\egg\egg-blaoer\node_modules\nunjucks\src\lib.js:36:11)
    at Template.render (C:\Users\Administrator\Desktop\egg\egg-blaoer\node_modules\nunjucks\src\environment.js:542:21)
    at C:\Users\Administrator\Desktop\egg\egg-blaoer\node_modules\nunjucks\src\environment.js:366:27
    at createTemplate (C:\Users\Administrator\Desktop\egg\egg-blaoer\node_modules\nunjucks\src\environment.js:315:9)
    at handle (C:\Users\Administrator\Desktop\egg\egg-blaoer\node_modules\nunjucks\src\environment.js:327:11)
    at C:\Users\Administrator\Desktop\egg\egg-blaoer\node_modules\nunjucks\src\environment.js:339:9
    at next (C:\Users\Administrator\Desktop\egg\egg-blaoer\node_modules\nunjucks\src\lib.js:280:7)
    at Object.asyncIter (C:\Users\Administrator\Desktop\egg\egg-blaoer\node_modules\nunjucks\src\lib.js:286:3)
    at NunjucksEnvironment.getTemplate (C:\Users\Administrator\Desktop\egg\egg-blaoer\node_modules\nunjucks\src\environment.js:321:9)
    at NunjucksEnvironment.render (C:\Users\Administrator\Desktop\egg\egg-blaoer\node_modules\nunjucks\src\environment.js:360:10)
name: "Template render error"
pid: 6512
hostname: PC-201803121836

2019-07-30 09:34:07,891 ERROR 6040 [-/127.0.0.1/-/31ms GET /news] nodejs.Template render error: (C:\Users\Administrator\Desktop\egg\egg-blaoer\app\view\news\list.tpl) [Line 8, Column 16]
  parseFor: expected "in" keyword for loop
  parseFor: expected "in" keyword for loop
    at Object._prettifyError (C:\Users\Administrator\Desktop\egg\egg-blaoer\node_modules\nunjucks\src\lib.js:36:11)
    at Template.render (C:\Users\Administrator\Desktop\egg\egg-blaoer\node_modules\nunjucks\src\environment.js:542:21)
    at C:\Users\Administrator\Desktop\egg\egg-blaoer\node_modules\nunjucks\src\environment.js:366:27
    at createTemplate (C:\Users\Administrator\Desktop\egg\egg-blaoer\node_modules\nunjucks\src\environment.js:315:9)
    at handle (C:\Users\Administrator\Desktop\egg\egg-blaoer\node_modules\nunjucks\src\environment.js:327:11)
    at C:\Users\Administrator\Desktop\egg\egg-blaoer\node_modules\nunjucks\src\environment.js:339:9
    at next (C:\Users\Administrator\Desktop\egg\egg-blaoer\node_modules\nunjucks\src\lib.js:280:7)
    at Object.asyncIter (C:\Users\Administrator\Desktop\egg\egg-blaoer\node_modules\nunjucks\src\lib.js:286:3)
    at NunjucksEnvironment.getTemplate (C:\Users\Administrator\Desktop\egg\egg-blaoer\node_modules\nunjucks\src\environment.js:321:9)
    at NunjucksEnvironment.render (C:\Users\Administrator\Desktop\egg\egg-blaoer\node_modules\nunjucks\src\environment.js:360:10)
name: "Template render error"
pid: 6040
hostname: PC-201803121836

2019-07-30 13:16:02,403 ERROR 9576 [-/127.0.0.1/-/7ms GET /news] nodejs.ReferenceError: aaa is not defined
    at NewsService.list (C:\Users\Administrator\Desktop\egg\egg-blaoer\app\service\news.js:9:61)
    at NewsController.list (C:\Users\Administrator\Desktop\egg\egg-blaoer\app\controller\news.js:6:49)
    at Object.callFn (C:\Users\Administrator\Desktop\egg\egg-blaoer\node_modules\egg-core\lib\utils\index.js:44:21)
    at Object.classControllerMiddleware (C:\Users\Administrator\Desktop\egg\egg-blaoer\node_modules\egg-core\lib\loader\mixin\controller.js:87:20)
    at Object.callFn (C:\Users\Administrator\Desktop\egg\egg-blaoer\node_modules\@eggjs\router\lib\utils.js:12:21)
    at wrappedController (C:\Users\Administrator\Desktop\egg\egg-blaoer\node_modules\@eggjs\router\lib\egg_router.js:322:18)
    at dispatch (C:\Users\Administrator\Desktop\egg\egg-blaoer\node_modules\@eggjs\router\node_modules\koa-compose\index.js:44:32)
    at next (C:\Users\Administrator\Desktop\egg\egg-blaoer\node_modules\@eggjs\router\node_modules\koa-compose\index.js:45:18)
    at C:\Users\Administrator\Desktop\egg\egg-blaoer\node_modules\@eggjs\router\lib\router.js:190:18
    at dispatch (C:\Users\Administrator\Desktop\egg\egg-blaoer\node_modules\@eggjs\router\node_modules\koa-compose\index.js:44:32)

pid: 9576
hostname: PC-201803121836

2019-07-30 15:13:15,785 ERROR 10016 nodejs.AssertionError [ERR_ASSERTION]: Can't find viewEngine for C:\Users\Administrator\Desktop\egg\egg-blaoer\app\view\index.html
    at ContextView.[contextView#render] (C:\Users\Administrator\Desktop\egg\egg-blaoer\node_modules\egg-view\lib\context_view.js:66:5)
    at <anonymous>
generatedMessage: false
name: "AssertionError [ERR_ASSERTION]"
code: "ERR_ASSERTION"
actual: ""
expected: true
operator: "=="
pid: 10016
hostname: PC-201803121836

2019-07-30 15:13:42,589 ERROR 12312 nodejs.AssertionError [ERR_ASSERTION]: Can't find viewEngine for C:\Users\Administrator\Desktop\egg\egg-blaoer\app\view\index.html
    at ContextView.[contextView#render] (C:\Users\Administrator\Desktop\egg\egg-blaoer\node_modules\egg-view\lib\context_view.js:66:5)
    at <anonymous>
generatedMessage: false
name: "AssertionError [ERR_ASSERTION]"
code: "ERR_ASSERTION"
actual: ""
expected: true
operator: "=="
pid: 12312
hostname: PC-201803121836

2019-07-30 15:15:03,539 ERROR 12812 nodejs.AssertionError [ERR_ASSERTION]: Can't find viewEngine for C:\Users\Administrator\Desktop\egg\egg-blaoer\app\view\index.html
    at ContextView.[contextView#render] (C:\Users\Administrator\Desktop\egg\egg-blaoer\node_modules\egg-view\lib\context_view.js:66:5)
    at <anonymous>
generatedMessage: false
name: "AssertionError [ERR_ASSERTION]"
code: "ERR_ASSERTION"
actual: ""
expected: true
operator: "=="
pid: 12812
hostname: PC-201803121836

2019-07-30 15:16:41,389 ERROR 10428 nodejs.AssertionError [ERR_ASSERTION]: Can't find viewEngine for C:\Users\Administrator\Desktop\egg\egg-blaoer\app\view\index.html
    at ContextView.[contextView#render] (C:\Users\Administrator\Desktop\egg\egg-blaoer\node_modules\egg-view\lib\context_view.js:66:5)
    at <anonymous>
generatedMessage: false
name: "AssertionError [ERR_ASSERTION]"
code: "ERR_ASSERTION"
actual: ""
expected: true
operator: "=="
pid: 10428
hostname: PC-201803121836

2019-07-30 15:17:49,942 ERROR 12560 [-/127.0.0.1/-/8ms GET /] nodejs.AssertionError [ERR_ASSERTION]: Can't find viewEngine for C:\Users\Administrator\Desktop\egg\egg-blaoer\app\view\index.html
    at ContextView.[contextView#render] (C:\Users\Administrator\Desktop\egg\egg-blaoer\node_modules\egg-view\lib\context_view.js:66:5)
    at <anonymous>
generatedMessage: false
name: "AssertionError [ERR_ASSERTION]"
code: "ERR_ASSERTION"
actual: ""
expected: true
operator: "=="
pid: 12560
hostname: PC-201803121836

2019-07-30 15:40:40,766 ERROR 7764 nodejs.unhandledExceptionError: read ECONNRESET
    at TCP.onread (net.js:622:25)
errno: "ECONNRESET"
code: "ECONNRESET"
syscall: "read"
name: "unhandledExceptionError"
pid: 7764
hostname: PC-201803121836

2019-07-30 16:05:49,147 ERROR 12524 [-/127.0.0.1/-/3ms GET /add/news?id=5&name=eee&url=eee.com] nodejs.SyntaxError: Identifier 'data' has already been declared
    at addNewsController.list (C:\Users\Administrator\Desktop\egg\egg-blaoer\app\controller\addNews.js:7:47)
    at Object.callFn (C:\Users\Administrator\Desktop\egg\egg-blaoer\node_modules\egg-core\lib\utils\index.js:44:21)
    at Object.classControllerMiddleware (C:\Users\Administrator\Desktop\egg\egg-blaoer\node_modules\egg-core\lib\loader\mixin\controller.js:87:20)
    at Object.callFn (C:\Users\Administrator\Desktop\egg\egg-blaoer\node_modules\@eggjs\router\lib\utils.js:12:21)
    at wrappedController (C:\Users\Administrator\Desktop\egg\egg-blaoer\node_modules\@eggjs\router\lib\egg_router.js:322:18)
    at dispatch (C:\Users\Administrator\Desktop\egg\egg-blaoer\node_modules\@eggjs\router\node_modules\koa-compose\index.js:44:32)
    at next (C:\Users\Administrator\Desktop\egg\egg-blaoer\node_modules\@eggjs\router\node_modules\koa-compose\index.js:45:18)
    at C:\Users\Administrator\Desktop\egg\egg-blaoer\node_modules\@eggjs\router\lib\router.js:190:18
    at dispatch (C:\Users\Administrator\Desktop\egg\egg-blaoer\node_modules\@eggjs\router\node_modules\koa-compose\index.js:44:32)
    at C:\Users\Administrator\Desktop\egg\egg-blaoer\node_modules\@eggjs\router\node_modules\koa-compose\index.js:36:12

pid: 12524
hostname: PC-201803121836

2019-07-30 16:06:52,626 ERROR 12584 [-/127.0.0.1/-/2ms GET /add/news?id=5&name=eee&url=eee.com] nodejs.ReferenceError: xtx is not defined
    at addNewsController.list (C:\Users\Administrator\Desktop\egg\egg-blaoer\app\controller\addNews.js:7:20)
    at Object.callFn (C:\Users\Administrator\Desktop\egg\egg-blaoer\node_modules\egg-core\lib\utils\index.js:44:21)
    at Object.classControllerMiddleware (C:\Users\Administrator\Desktop\egg\egg-blaoer\node_modules\egg-core\lib\loader\mixin\controller.js:87:20)
    at Object.callFn (C:\Users\Administrator\Desktop\egg\egg-blaoer\node_modules\@eggjs\router\lib\utils.js:12:21)
    at wrappedController (C:\Users\Administrator\Desktop\egg\egg-blaoer\node_modules\@eggjs\router\lib\egg_router.js:322:18)
    at dispatch (C:\Users\Administrator\Desktop\egg\egg-blaoer\node_modules\@eggjs\router\node_modules\koa-compose\index.js:44:32)
    at next (C:\Users\Administrator\Desktop\egg\egg-blaoer\node_modules\@eggjs\router\node_modules\koa-compose\index.js:45:18)
    at C:\Users\Administrator\Desktop\egg\egg-blaoer\node_modules\@eggjs\router\lib\router.js:190:18
    at dispatch (C:\Users\Administrator\Desktop\egg\egg-blaoer\node_modules\@eggjs\router\node_modules\koa-compose\index.js:44:32)
    at C:\Users\Administrator\Desktop\egg\egg-blaoer\node_modules\@eggjs\router\node_modules\koa-compose\index.js:36:12

pid: 12584
hostname: PC-201803121836

2019-07-30 16:12:46,020 ERROR 13288 [-/127.0.0.1/-/3ms GET /add/news?id=5&name=eee&url=eee.com] nodejs.SyntaxError: Identifier 'data' has already been declared
    at addNewsController.list (C:\Users\Administrator\Desktop\egg\egg-blaoer\app\controller\addNews.js:13:47)
    at Object.callFn (C:\Users\Administrator\Desktop\egg\egg-blaoer\node_modules\egg-core\lib\utils\index.js:44:21)
    at Object.classControllerMiddleware (C:\Users\Administrator\Desktop\egg\egg-blaoer\node_modules\egg-core\lib\loader\mixin\controller.js:87:20)
    at Object.callFn (C:\Users\Administrator\Desktop\egg\egg-blaoer\node_modules\@eggjs\router\lib\utils.js:12:21)
    at wrappedController (C:\Users\Administrator\Desktop\egg\egg-blaoer\node_modules\@eggjs\router\lib\egg_router.js:322:18)
    at dispatch (C:\Users\Administrator\Desktop\egg\egg-blaoer\node_modules\@eggjs\router\node_modules\koa-compose\index.js:44:32)
    at next (C:\Users\Administrator\Desktop\egg\egg-blaoer\node_modules\@eggjs\router\node_modules\koa-compose\index.js:45:18)
    at C:\Users\Administrator\Desktop\egg\egg-blaoer\node_modules\@eggjs\router\lib\router.js:190:18
    at dispatch (C:\Users\Administrator\Desktop\egg\egg-blaoer\node_modules\@eggjs\router\node_modules\koa-compose\index.js:44:32)
    at C:\Users\Administrator\Desktop\egg\egg-blaoer\node_modules\@eggjs\router\node_modules\koa-compose\index.js:36:12

pid: 13288
hostname: PC-201803121836

2019-07-30 16:13:19,892 ERROR 10652 [-/127.0.0.1/-/3ms GET /add/news?id=5&name=eee&url=eee.com] nodejs.SyntaxError: Identifier 'data' has already been declared
    at addNewsController.list (C:\Users\Administrator\Desktop\egg\egg-blaoer\app\controller\addNews.js:13:47)
    at Object.callFn (C:\Users\Administrator\Desktop\egg\egg-blaoer\node_modules\egg-core\lib\utils\index.js:44:21)
    at Object.classControllerMiddleware (C:\Users\Administrator\Desktop\egg\egg-blaoer\node_modules\egg-core\lib\loader\mixin\controller.js:87:20)
    at Object.callFn (C:\Users\Administrator\Desktop\egg\egg-blaoer\node_modules\@eggjs\router\lib\utils.js:12:21)
    at wrappedController (C:\Users\Administrator\Desktop\egg\egg-blaoer\node_modules\@eggjs\router\lib\egg_router.js:322:18)
    at dispatch (C:\Users\Administrator\Desktop\egg\egg-blaoer\node_modules\@eggjs\router\node_modules\koa-compose\index.js:44:32)
    at next (C:\Users\Administrator\Desktop\egg\egg-blaoer\node_modules\@eggjs\router\node_modules\koa-compose\index.js:45:18)
    at C:\Users\Administrator\Desktop\egg\egg-blaoer\node_modules\@eggjs\router\lib\router.js:190:18
    at dispatch (C:\Users\Administrator\Desktop\egg\egg-blaoer\node_modules\@eggjs\router\node_modules\koa-compose\index.js:44:32)
    at C:\Users\Administrator\Desktop\egg\egg-blaoer\node_modules\@eggjs\router\node_modules\koa-compose\index.js:36:12

pid: 10652
hostname: PC-201803121836

2019-07-30 16:14:05,237 ERROR 9128 [-/127.0.0.1/-/3ms GET /add/news?id=5&name=eee&url=eee.com] nodejs.SyntaxError: Identifier 'data' has already been declared
    at addNewsController.list (C:\Users\Administrator\Desktop\egg\egg-blaoer\app\controller\addNews.js:13:47)
    at Object.callFn (C:\Users\Administrator\Desktop\egg\egg-blaoer\node_modules\egg-core\lib\utils\index.js:44:21)
    at Object.classControllerMiddleware (C:\Users\Administrator\Desktop\egg\egg-blaoer\node_modules\egg-core\lib\loader\mixin\controller.js:87:20)
    at Object.callFn (C:\Users\Administrator\Desktop\egg\egg-blaoer\node_modules\@eggjs\router\lib\utils.js:12:21)
    at wrappedController (C:\Users\Administrator\Desktop\egg\egg-blaoer\node_modules\@eggjs\router\lib\egg_router.js:322:18)
    at dispatch (C:\Users\Administrator\Desktop\egg\egg-blaoer\node_modules\@eggjs\router\node_modules\koa-compose\index.js:44:32)
    at next (C:\Users\Administrator\Desktop\egg\egg-blaoer\node_modules\@eggjs\router\node_modules\koa-compose\index.js:45:18)
    at C:\Users\Administrator\Desktop\egg\egg-blaoer\node_modules\@eggjs\router\lib\router.js:190:18
    at dispatch (C:\Users\Administrator\Desktop\egg\egg-blaoer\node_modules\@eggjs\router\node_modules\koa-compose\index.js:44:32)
    at C:\Users\Administrator\Desktop\egg\egg-blaoer\node_modules\@eggjs\router\node_modules\koa-compose\index.js:36:12

pid: 9128
hostname: PC-201803121836

2019-08-01 17:17:19,679 ERROR 12168 [-/127.0.0.1/-/16ms GET /add/news?id=10&name=jjjj&url=jjj.vv.com] nodejs.ReferenceError: data is not defined
    at NewsService.add (C:\Users\Administrator\Desktop\egg\egg-blaoer\app\service\news.js:57:9)
    at <anonymous>
    at process._tickCallback (internal/process/next_tick.js:189:7)

pid: 12168
hostname: PC-201803121836

2019-08-01 17:27:42,444 ERROR 11916 [-/127.0.0.1/-/2ms GET /update/news?id=11&name=kkkkkeeee&url=kkk111.com] nodejs.SyntaxError: Identifier 'data' has already been declared
    at NewsController.update (C:\Users\Administrator\Desktop\egg\egg-blaoer\app\controller\newss.js:26:44)
    at Object.callFn (C:\Users\Administrator\Desktop\egg\egg-blaoer\node_modules\egg-core\lib\utils\index.js:44:21)
    at Object.classControllerMiddleware (C:\Users\Administrator\Desktop\egg\egg-blaoer\node_modules\egg-core\lib\loader\mixin\controller.js:87:20)
    at Object.callFn (C:\Users\Administrator\Desktop\egg\egg-blaoer\node_modules\@eggjs\router\lib\utils.js:12:21)
    at wrappedController (C:\Users\Administrator\Desktop\egg\egg-blaoer\node_modules\@eggjs\router\lib\egg_router.js:322:18)
    at dispatch (C:\Users\Administrator\Desktop\egg\egg-blaoer\node_modules\@eggjs\router\node_modules\koa-compose\index.js:44:32)
    at next (C:\Users\Administrator\Desktop\egg\egg-blaoer\node_modules\@eggjs\router\node_modules\koa-compose\index.js:45:18)
    at C:\Users\Administrator\Desktop\egg\egg-blaoer\node_modules\@eggjs\router\lib\router.js:190:18
    at dispatch (C:\Users\Administrator\Desktop\egg\egg-blaoer\node_modules\@eggjs\router\node_modules\koa-compose\index.js:44:32)
    at C:\Users\Administrator\Desktop\egg\egg-blaoer\node_modules\@eggjs\router\node_modules\koa-compose\index.js:36:12

pid: 11916
hostname: PC-201803121836

2019-08-01 17:51:44,735 ERROR 8184 [-/127.0.0.1/-/4ms GET /newss] nodejs.ReferenceError: ms is not defined
    at NewsService.list (C:\Users\Administrator\Desktop\egg\egg-blaoer\app\service\news.js:12:13)
    at NewsController.list (C:\Users\Administrator\Desktop\egg\egg-blaoer\app\controller\newss.js:6:49)
    at Object.callFn (C:\Users\Administrator\Desktop\egg\egg-blaoer\node_modules\egg-core\lib\utils\index.js:44:21)
    at Object.classControllerMiddleware (C:\Users\Administrator\Desktop\egg\egg-blaoer\node_modules\egg-core\lib\loader\mixin\controller.js:87:20)
    at Object.callFn (C:\Users\Administrator\Desktop\egg\egg-blaoer\node_modules\@eggjs\router\lib\utils.js:12:21)
    at wrappedController (C:\Users\Administrator\Desktop\egg\egg-blaoer\node_modules\@eggjs\router\lib\egg_router.js:322:18)
    at dispatch (C:\Users\Administrator\Desktop\egg\egg-blaoer\node_modules\@eggjs\router\node_modules\koa-compose\index.js:44:32)
    at next (C:\Users\Administrator\Desktop\egg\egg-blaoer\node_modules\@eggjs\router\node_modules\koa-compose\index.js:45:18)
    at C:\Users\Administrator\Desktop\egg\egg-blaoer\node_modules\@eggjs\router\lib\router.js:190:18
    at dispatch (C:\Users\Administrator\Desktop\egg\egg-blaoer\node_modules\@eggjs\router\node_modules\koa-compose\index.js:44:32)

pid: 8184
hostname: PC-201803121836

2019-08-06 14:10:58,160 ERROR 11780 [-/127.0.0.1/-/5ms GET /newss] nodejs.ReferenceError: ms is not defined
    at NewsController.list (C:\Users\Administrator\Desktop\egg\egg-blaoer\app\controller\newss.js:13:13)
    at Object.callFn (C:\Users\Administrator\Desktop\egg\egg-blaoer\node_modules\egg-core\lib\utils\index.js:44:21)
    at Object.classControllerMiddleware (C:\Users\Administrator\Desktop\egg\egg-blaoer\node_modules\egg-core\lib\loader\mixin\controller.js:87:20)
    at Object.callFn (C:\Users\Administrator\Desktop\egg\egg-blaoer\node_modules\@eggjs\router\lib\utils.js:12:21)
    at wrappedController (C:\Users\Administrator\Desktop\egg\egg-blaoer\node_modules\@eggjs\router\lib\egg_router.js:322:18)
    at dispatch (C:\Users\Administrator\Desktop\egg\egg-blaoer\node_modules\@eggjs\router\node_modules\koa-compose\index.js:44:32)
    at next (C:\Users\Administrator\Desktop\egg\egg-blaoer\node_modules\@eggjs\router\node_modules\koa-compose\index.js:45:18)
    at C:\Users\Administrator\Desktop\egg\egg-blaoer\node_modules\@eggjs\router\lib\router.js:190:18
    at dispatch (C:\Users\Administrator\Desktop\egg\egg-blaoer\node_modules\@eggjs\router\node_modules\koa-compose\index.js:44:32)
    at C:\Users\Administrator\Desktop\egg\egg-blaoer\node_modules\@eggjs\router\node_modules\koa-compose\index.js:36:12

pid: 11780
hostname: PC-201803121836

2019-08-06 14:11:41,521 ERROR 11136 [-/127.0.0.1/-/4ms GET /newss] nodejs.ReferenceError: ms is not defined
    at NewsController.list (C:\Users\Administrator\Desktop\egg\egg-blaoer\app\controller\newss.js:13:13)
    at Object.callFn (C:\Users\Administrator\Desktop\egg\egg-blaoer\node_modules\egg-core\lib\utils\index.js:44:21)
    at Object.classControllerMiddleware (C:\Users\Administrator\Desktop\egg\egg-blaoer\node_modules\egg-core\lib\loader\mixin\controller.js:87:20)
    at Object.callFn (C:\Users\Administrator\Desktop\egg\egg-blaoer\node_modules\@eggjs\router\lib\utils.js:12:21)
    at wrappedController (C:\Users\Administrator\Desktop\egg\egg-blaoer\node_modules\@eggjs\router\lib\egg_router.js:322:18)
    at dispatch (C:\Users\Administrator\Desktop\egg\egg-blaoer\node_modules\@eggjs\router\node_modules\koa-compose\index.js:44:32)
    at next (C:\Users\Administrator\Desktop\egg\egg-blaoer\node_modules\@eggjs\router\node_modules\koa-compose\index.js:45:18)
    at C:\Users\Administrator\Desktop\egg\egg-blaoer\node_modules\@eggjs\router\lib\router.js:190:18
    at dispatch (C:\Users\Administrator\Desktop\egg\egg-blaoer\node_modules\@eggjs\router\node_modules\koa-compose\index.js:44:32)
    at C:\Users\Administrator\Desktop\egg\egg-blaoer\node_modules\@eggjs\router\node_modules\koa-compose\index.js:36:12

pid: 11136
hostname: PC-201803121836

2019-08-06 14:15:40,722 ERROR 12036 [-/127.0.0.1/-/3ms GET /update/news?id=1&name=aaaaa&url=a123.com] nodejs.SyntaxError: Unexpected token u in JSON at position 0
    at JSON.parse (<anonymous>)
    at NewsController.update (C:\Users\Administrator\Desktop\egg\egg-blaoer\app\controller\newss.js:53:28)
    at Object.callFn (C:\Users\Administrator\Desktop\egg\egg-blaoer\node_modules\egg-core\lib\utils\index.js:44:21)
    at Object.classControllerMiddleware (C:\Users\Administrator\Desktop\egg\egg-blaoer\node_modules\egg-core\lib\loader\mixin\controller.js:87:20)
    at Object.callFn (C:\Users\Administrator\Desktop\egg\egg-blaoer\node_modules\@eggjs\router\lib\utils.js:12:21)
    at wrappedController (C:\Users\Administrator\Desktop\egg\egg-blaoer\node_modules\@eggjs\router\lib\egg_router.js:322:18)
    at dispatch (C:\Users\Administrator\Desktop\egg\egg-blaoer\node_modules\@eggjs\router\node_modules\koa-compose\index.js:44:32)
    at next (C:\Users\Administrator\Desktop\egg\egg-blaoer\node_modules\@eggjs\router\node_modules\koa-compose\index.js:45:18)
    at C:\Users\Administrator\Desktop\egg\egg-blaoer\node_modules\@eggjs\router\lib\router.js:190:18
    at dispatch (C:\Users\Administrator\Desktop\egg\egg-blaoer\node_modules\@eggjs\router\node_modules\koa-compose\index.js:44:32)

pid: 12036
hostname: PC-201803121836

2019-08-06 14:16:11,625 ERROR 12160 [-/127.0.0.1/-/2ms GET /update/news?id=1&name=aaaaa&url=a123.com] nodejs.SyntaxError: Unexpected token u in JSON at position 0
    at JSON.parse (<anonymous>)
    at NewsController.update (C:\Users\Administrator\Desktop\egg\egg-blaoer\app\controller\newss.js:45:29)
    at Object.callFn (C:\Users\Administrator\Desktop\egg\egg-blaoer\node_modules\egg-core\lib\utils\index.js:44:21)
    at Object.classControllerMiddleware (C:\Users\Administrator\Desktop\egg\egg-blaoer\node_modules\egg-core\lib\loader\mixin\controller.js:87:20)
    at Object.callFn (C:\Users\Administrator\Desktop\egg\egg-blaoer\node_modules\@eggjs\router\lib\utils.js:12:21)
    at wrappedController (C:\Users\Administrator\Desktop\egg\egg-blaoer\node_modules\@eggjs\router\lib\egg_router.js:322:18)
    at dispatch (C:\Users\Administrator\Desktop\egg\egg-blaoer\node_modules\@eggjs\router\node_modules\koa-compose\index.js:44:32)
    at next (C:\Users\Administrator\Desktop\egg\egg-blaoer\node_modules\@eggjs\router\node_modules\koa-compose\index.js:45:18)
    at C:\Users\Administrator\Desktop\egg\egg-blaoer\node_modules\@eggjs\router\lib\router.js:190:18
    at dispatch (C:\Users\Administrator\Desktop\egg\egg-blaoer\node_modules\@eggjs\router\node_modules\koa-compose\index.js:44:32)

pid: 12160
hostname: PC-201803121836

2019-08-19 10:26:49,023 ERROR 9764 [-/::1/-/2ms GET /react] nodejs.TypeError: ctx.service.react.list is not a function
    at ReactController.list (C:\Users\Administrator\Desktop\egg\egg-blaoer\app\controller\react.js:6:46)
    at Object.callFn (C:\Users\Administrator\Desktop\egg\egg-blaoer\node_modules\egg-core\lib\utils\index.js:44:21)
    at Object.classControllerMiddleware (C:\Users\Administrator\Desktop\egg\egg-blaoer\node_modules\egg-core\lib\loader\mixin\controller.js:87:20)
    at Object.callFn (C:\Users\Administrator\Desktop\egg\egg-blaoer\node_modules\@eggjs\router\lib\utils.js:12:21)
    at wrappedController (C:\Users\Administrator\Desktop\egg\egg-blaoer\node_modules\@eggjs\router\lib\egg_router.js:322:18)
    at dispatch (C:\Users\Administrator\Desktop\egg\egg-blaoer\node_modules\@eggjs\router\node_modules\koa-compose\index.js:44:32)
    at next (C:\Users\Administrator\Desktop\egg\egg-blaoer\node_modules\@eggjs\router\node_modules\koa-compose\index.js:45:18)
    at C:\Users\Administrator\Desktop\egg\egg-blaoer\node_modules\@eggjs\router\lib\router.js:190:18
    at dispatch (C:\Users\Administrator\Desktop\egg\egg-blaoer\node_modules\@eggjs\router\node_modules\koa-compose\index.js:44:32)
    at C:\Users\Administrator\Desktop\egg\egg-blaoer\node_modules\@eggjs\router\node_modules\koa-compose\index.js:36:12
headers: {"Access-Control-Allow-Origin":"http://localhost:3000","Access-Control-Allow-Credentials":"true","vary":"Origin"}
pid: 9764
hostname: PC-201803121836

2019-08-19 10:27:56,992 ERROR 9104 [-/127.0.0.1/-/0ms GET /react] nodejs.TypeError: ctx.service.react.list is not a function
    at ReactController.list (C:\Users\Administrator\Desktop\egg\egg-blaoer\app\controller\react.js:6:46)
    at Object.callFn (C:\Users\Administrator\Desktop\egg\egg-blaoer\node_modules\egg-core\lib\utils\index.js:44:21)
    at Object.classControllerMiddleware (C:\Users\Administrator\Desktop\egg\egg-blaoer\node_modules\egg-core\lib\loader\mixin\controller.js:87:20)
    at Object.callFn (C:\Users\Administrator\Desktop\egg\egg-blaoer\node_modules\@eggjs\router\lib\utils.js:12:21)
    at wrappedController (C:\Users\Administrator\Desktop\egg\egg-blaoer\node_modules\@eggjs\router\lib\egg_router.js:322:18)
    at dispatch (C:\Users\Administrator\Desktop\egg\egg-blaoer\node_modules\@eggjs\router\node_modules\koa-compose\index.js:44:32)
    at next (C:\Users\Administrator\Desktop\egg\egg-blaoer\node_modules\@eggjs\router\node_modules\koa-compose\index.js:45:18)
    at C:\Users\Administrator\Desktop\egg\egg-blaoer\node_modules\@eggjs\router\lib\router.js:190:18
    at dispatch (C:\Users\Administrator\Desktop\egg\egg-blaoer\node_modules\@eggjs\router\node_modules\koa-compose\index.js:44:32)
    at C:\Users\Administrator\Desktop\egg\egg-blaoer\node_modules\@eggjs\router\node_modules\koa-compose\index.js:36:12

pid: 9104
hostname: PC-201803121836

2019-08-19 10:28:13,420 ERROR 9904 [-/127.0.0.1/-/15ms GET /react] nodejs.TypeError: ctx.service.react.list is not a function
    at ReactController.list (C:\Users\Administrator\Desktop\egg\egg-blaoer\app\controller\react.js:6:46)
    at Object.callFn (C:\Users\Administrator\Desktop\egg\egg-blaoer\node_modules\egg-core\lib\utils\index.js:44:21)
    at Object.classControllerMiddleware (C:\Users\Administrator\Desktop\egg\egg-blaoer\node_modules\egg-core\lib\loader\mixin\controller.js:87:20)
    at Object.callFn (C:\Users\Administrator\Desktop\egg\egg-blaoer\node_modules\@eggjs\router\lib\utils.js:12:21)
    at wrappedController (C:\Users\Administrator\Desktop\egg\egg-blaoer\node_modules\@eggjs\router\lib\egg_router.js:322:18)
    at dispatch (C:\Users\Administrator\Desktop\egg\egg-blaoer\node_modules\@eggjs\router\node_modules\koa-compose\index.js:44:32)
    at next (C:\Users\Administrator\Desktop\egg\egg-blaoer\node_modules\@eggjs\router\node_modules\koa-compose\index.js:45:18)
    at C:\Users\Administrator\Desktop\egg\egg-blaoer\node_modules\@eggjs\router\lib\router.js:190:18
    at dispatch (C:\Users\Administrator\Desktop\egg\egg-blaoer\node_modules\@eggjs\router\node_modules\koa-compose\index.js:44:32)
    at C:\Users\Administrator\Desktop\egg\egg-blaoer\node_modules\@eggjs\router\node_modules\koa-compose\index.js:36:12

pid: 9904
hostname: PC-201803121836

2019-08-19 10:28:40,052 ERROR 10552 [-/127.0.0.1/-/16ms GET /react] nodejs.TypeError: ctx.service.react.list is not a function
    at ReactController.list (C:\Users\Administrator\Desktop\egg\egg-blaoer\app\controller\react.js:6:46)
    at Object.callFn (C:\Users\Administrator\Desktop\egg\egg-blaoer\node_modules\egg-core\lib\utils\index.js:44:21)
    at Object.classControllerMiddleware (C:\Users\Administrator\Desktop\egg\egg-blaoer\node_modules\egg-core\lib\loader\mixin\controller.js:87:20)
    at Object.callFn (C:\Users\Administrator\Desktop\egg\egg-blaoer\node_modules\@eggjs\router\lib\utils.js:12:21)
    at wrappedController (C:\Users\Administrator\Desktop\egg\egg-blaoer\node_modules\@eggjs\router\lib\egg_router.js:322:18)
    at dispatch (C:\Users\Administrator\Desktop\egg\egg-blaoer\node_modules\@eggjs\router\node_modules\koa-compose\index.js:44:32)
    at next (C:\Users\Administrator\Desktop\egg\egg-blaoer\node_modules\@eggjs\router\node_modules\koa-compose\index.js:45:18)
    at C:\Users\Administrator\Desktop\egg\egg-blaoer\node_modules\@eggjs\router\lib\router.js:190:18
    at dispatch (C:\Users\Administrator\Desktop\egg\egg-blaoer\node_modules\@eggjs\router\node_modules\koa-compose\index.js:44:32)
    at C:\Users\Administrator\Desktop\egg\egg-blaoer\node_modules\@eggjs\router\node_modules\koa-compose\index.js:36:12

pid: 10552
hostname: PC-201803121836

2019-08-19 10:28:59,950 ERROR 10796 [-/127.0.0.1/-/16ms GET /react] nodejs.TypeError: Cannot read property 'list' of undefined
    at ReactController.list (C:\Users\Administrator\Desktop\egg\egg-blaoer\app\controller\react.js:6:46)
    at Object.callFn (C:\Users\Administrator\Desktop\egg\egg-blaoer\node_modules\egg-core\lib\utils\index.js:44:21)
    at Object.classControllerMiddleware (C:\Users\Administrator\Desktop\egg\egg-blaoer\node_modules\egg-core\lib\loader\mixin\controller.js:87:20)
    at Object.callFn (C:\Users\Administrator\Desktop\egg\egg-blaoer\node_modules\@eggjs\router\lib\utils.js:12:21)
    at wrappedController (C:\Users\Administrator\Desktop\egg\egg-blaoer\node_modules\@eggjs\router\lib\egg_router.js:322:18)
    at dispatch (C:\Users\Administrator\Desktop\egg\egg-blaoer\node_modules\@eggjs\router\node_modules\koa-compose\index.js:44:32)
    at next (C:\Users\Administrator\Desktop\egg\egg-blaoer\node_modules\@eggjs\router\node_modules\koa-compose\index.js:45:18)
    at C:\Users\Administrator\Desktop\egg\egg-blaoer\node_modules\@eggjs\router\lib\router.js:190:18
    at dispatch (C:\Users\Administrator\Desktop\egg\egg-blaoer\node_modules\@eggjs\router\node_modules\koa-compose\index.js:44:32)
    at C:\Users\Administrator\Desktop\egg\egg-blaoer\node_modules\@eggjs\router\node_modules\koa-compose\index.js:36:12

pid: 10796
hostname: PC-201803121836

2019-08-19 10:30:08,237 ERROR 10388 [-/127.0.0.1/-/16ms GET /react] nodejs.TypeError: ctx.service.react.list is not a function
    at ReactController.list (C:\Users\Administrator\Desktop\egg\egg-blaoer\app\controller\react.js:6:46)
    at Object.callFn (C:\Users\Administrator\Desktop\egg\egg-blaoer\node_modules\egg-core\lib\utils\index.js:44:21)
    at Object.classControllerMiddleware (C:\Users\Administrator\Desktop\egg\egg-blaoer\node_modules\egg-core\lib\loader\mixin\controller.js:87:20)
    at Object.callFn (C:\Users\Administrator\Desktop\egg\egg-blaoer\node_modules\@eggjs\router\lib\utils.js:12:21)
    at wrappedController (C:\Users\Administrator\Desktop\egg\egg-blaoer\node_modules\@eggjs\router\lib\egg_router.js:322:18)
    at dispatch (C:\Users\Administrator\Desktop\egg\egg-blaoer\node_modules\@eggjs\router\node_modules\koa-compose\index.js:44:32)
    at next (C:\Users\Administrator\Desktop\egg\egg-blaoer\node_modules\@eggjs\router\node_modules\koa-compose\index.js:45:18)
    at C:\Users\Administrator\Desktop\egg\egg-blaoer\node_modules\@eggjs\router\lib\router.js:190:18
    at dispatch (C:\Users\Administrator\Desktop\egg\egg-blaoer\node_modules\@eggjs\router\node_modules\koa-compose\index.js:44:32)
    at C:\Users\Administrator\Desktop\egg\egg-blaoer\node_modules\@eggjs\router\node_modules\koa-compose\index.js:36:12

pid: 10388
hostname: PC-201803121836

2019-08-19 10:58:55,709 ERROR 8616 [-/127.0.0.1/-/0ms GET /react] nodejs.ReferenceError: ms is not defined
    at ReactController.list (C:\Users\Administrator\Desktop\egg\egg-blaoer\app\controller\react.js:13:13)
    at Object.callFn (C:\Users\Administrator\Desktop\egg\egg-blaoer\node_modules\egg-core\lib\utils\index.js:44:21)
    at Object.classControllerMiddleware (C:\Users\Administrator\Desktop\egg\egg-blaoer\node_modules\egg-core\lib\loader\mixin\controller.js:87:20)
    at Object.callFn (C:\Users\Administrator\Desktop\egg\egg-blaoer\node_modules\@eggjs\router\lib\utils.js:12:21)
    at wrappedController (C:\Users\Administrator\Desktop\egg\egg-blaoer\node_modules\@eggjs\router\lib\egg_router.js:322:18)
    at dispatch (C:\Users\Administrator\Desktop\egg\egg-blaoer\node_modules\@eggjs\router\node_modules\koa-compose\index.js:44:32)
    at next (C:\Users\Administrator\Desktop\egg\egg-blaoer\node_modules\@eggjs\router\node_modules\koa-compose\index.js:45:18)
    at C:\Users\Administrator\Desktop\egg\egg-blaoer\node_modules\@eggjs\router\lib\router.js:190:18
    at dispatch (C:\Users\Administrator\Desktop\egg\egg-blaoer\node_modules\@eggjs\router\node_modules\koa-compose\index.js:44:32)
    at C:\Users\Administrator\Desktop\egg\egg-blaoer\node_modules\@eggjs\router\node_modules\koa-compose\index.js:36:12

pid: 8616
hostname: PC-201803121836

