2020-06-16 04:30:00,016 INFO 10612 [Job#159225300001572175364156461] E:\blaoer\egg\node_modules\egg-multipart\app\schedule\clean_tmpdir.js executing by app
2020-06-16 04:30:00,020 INFO 10612 [Job#159225300001572175364156461] E:\blaoer\egg\node_modules\egg-multipart\app\schedule\clean_tmpdir.js execute succeed, used 4ms
2020-06-16 04:30:00,018 INFO 10208 [Timer] E:\blaoer\egg\node_modules\egg-multipart\app\schedule\clean_tmpdir.js next time will execute after 86399985ms at 2020-06-17 04:30:00.003
2020-06-16 10:34:47,908 INFO 9108 [egg-schedule]: register schedule E:\blaoer\egg\node_modules\egg-multipart\app\schedule\clean_tmpdir.js
2020-06-16 10:34:47,908 INFO 9108 [egg-schedule]: register schedule E:\blaoer\egg\node_modules\egg-logrotator\app\schedule\clean_log.js
2020-06-16 10:34:47,908 INFO 9108 [egg-schedule]: register schedule E:\blaoer\egg\node_modules\egg-logrotator\app\schedule\rotate_by_file.js
2020-06-16 10:35:29,929 INFO 8736 [egg-schedule]: register schedule E:\blaoer\egg\node_modules\egg-multipart\app\schedule\clean_tmpdir.js
2020-06-16 10:35:29,929 INFO 8736 [egg-schedule]: register schedule E:\blaoer\egg\node_modules\egg-logrotator\app\schedule\clean_log.js
2020-06-16 10:35:29,929 INFO 8736 [egg-schedule]: register schedule E:\blaoer\egg\node_modules\egg-logrotator\app\schedule\rotate_by_file.js
2020-06-16 10:44:40,410 INFO 6760 [egg-schedule]: register schedule E:\blaoer\egg\node_modules\egg-multipart\app\schedule\clean_tmpdir.js
2020-06-16 10:44:40,410 INFO 6760 [egg-schedule]: register schedule E:\blaoer\egg\node_modules\egg-logrotator\app\schedule\clean_log.js
2020-06-16 10:44:40,410 INFO 6760 [egg-schedule]: register schedule E:\blaoer\egg\node_modules\egg-logrotator\app\schedule\rotate_by_file.js
2020-06-16 10:44:54,780 INFO 8424 [egg-schedule]: register schedule E:\blaoer\egg\node_modules\egg-multipart\app\schedule\clean_tmpdir.js
2020-06-16 10:44:54,780 INFO 8424 [egg-schedule]: register schedule E:\blaoer\egg\node_modules\egg-logrotator\app\schedule\clean_log.js
2020-06-16 10:44:54,780 INFO 8424 [egg-schedule]: register schedule E:\blaoer\egg\node_modules\egg-logrotator\app\schedule\rotate_by_file.js
2020-06-16 11:02:17,359 INFO 3396 [egg-schedule]: register schedule E:\blaoer\egg\node_modules\egg-multipart\app\schedule\clean_tmpdir.js
2020-06-16 11:02:17,359 INFO 3396 [egg-schedule]: register schedule E:\blaoer\egg\node_modules\egg-logrotator\app\schedule\clean_log.js
2020-06-16 11:02:17,359 INFO 3396 [egg-schedule]: register schedule E:\blaoer\egg\node_modules\egg-logrotator\app\schedule\rotate_by_file.js
2020-06-16 11:09:10,751 INFO 7696 [egg-schedule]: register schedule E:\blaoer\egg\node_modules\egg-multipart\app\schedule\clean_tmpdir.js
2020-06-16 11:09:10,751 INFO 7696 [egg-schedule]: register schedule E:\blaoer\egg\node_modules\egg-logrotator\app\schedule\clean_log.js
2020-06-16 11:09:10,751 INFO 7696 [egg-schedule]: register schedule E:\blaoer\egg\node_modules\egg-logrotator\app\schedule\rotate_by_file.js
2020-06-16 14:21:17,257 INFO 6476 [egg-schedule]: register schedule E:\blaoer\egg\node_modules\egg-multipart\app\schedule\clean_tmpdir.js
2020-06-16 14:21:17,257 INFO 6476 [egg-schedule]: register schedule E:\blaoer\egg\node_modules\egg-logrotator\app\schedule\clean_log.js
2020-06-16 14:21:17,257 INFO 6476 [egg-schedule]: register schedule E:\blaoer\egg\node_modules\egg-logrotator\app\schedule\rotate_by_file.js
